DEBUG - 2025-08-03 20:44:18 --> Session: Class initialized using 'CodeIgniter\Session\Handlers\FileHandler' driver.
DEBUG - 2025-08-03 20:44:18 --> Session: Class initialized using 'CodeIgniter\Session\Handlers\FileHandler' driver.
ERROR - 2025-08-03 20:44:21 --> Email: Unable to send email using SMTP. Your server might not be configured to send mail using this method.
ERROR - 2025-08-03 20:44:21 --> 220 smtp.gmail.com ESMTP ffacd0b85a97d-3b8e0b2d2fasm3089071f8f.50 - gsmtp

hello: 250-smtp.gmail.com at your service, [41.78.74.37]
250-SIZE 35882577
250-8BITMIME
250-STARTTLS
250-ENHANCEDSTATUSCODES
250-PIPELINING
250-CHUNKING
250 SMTPUTF8

starttls: 220 2.0.0 Ready to start TLS

hello: 250-smtp.gmail.com at your service, [41.78.74.37]
250-SIZE 35882577
250-8BITMIME
250-AUTH LOGIN PLAIN XOAUTH2 PLAIN-CLIENTTOKEN OAUTHBEARER XOAUTH
250-ENHANCEDSTATUSCODES
250-PIPELINING
250-CHUNKING
250 SMTPUTF8

Failed to authenticate password. Error: 535-5.7.8 Username and Password not accepted. For more information, go to
535 5.7.8  https://support.google.com/mail/?p=BadCredentials ffacd0b85a97d-3b8e0b2d2fasm3089071f8f.50 - gsmtp

DEBUG - 2025-08-03 20:48:35 --> Session: Class initialized using 'CodeIgniter\Session\Handlers\FileHandler' driver.
DEBUG - 2025-08-03 20:48:35 --> Session: Class initialized using 'CodeIgniter\Session\Handlers\FileHandler' driver.
ERROR - 2025-08-03 20:48:39 --> Email: Unable to send email using SMTP. Your server might not be configured to send mail using this method.
ERROR - 2025-08-03 20:48:39 --> 220 smtp.gmail.com ESMTP 5b1f17b1804b1-458953eaeeesm194292335e9.25 - gsmtp

hello: 250-smtp.gmail.com at your service, [41.78.74.37]
250-SIZE 35882577
250-8BITMIME
250-STARTTLS
250-ENHANCEDSTATUSCODES
250-PIPELINING
250-CHUNKING
250 SMTPUTF8

starttls: 220 2.0.0 Ready to start TLS

hello: 250-smtp.gmail.com at your service, [41.78.74.37]
250-SIZE 35882577
250-8BITMIME
250-AUTH LOGIN PLAIN XOAUTH2 PLAIN-CLIENTTOKEN OAUTHBEARER XOAUTH
250-ENHANCEDSTATUSCODES
250-PIPELINING
250-CHUNKING
250 SMTPUTF8

Failed to authenticate password. Error: 535-5.7.8 Username and Password not accepted. For more information, go to
535 5.7.8  https://support.google.com/mail/?p=BadCredentials 5b1f17b1804b1-458953eaeeesm194292335e9.25 - gsmtp

DEBUG - 2025-08-03 20:48:47 --> Session: Class initialized using 'CodeIgniter\Session\Handlers\FileHandler' driver.
DEBUG - 2025-08-03 20:48:47 --> Session: Class initialized using 'CodeIgniter\Session\Handlers\FileHandler' driver.
ERROR - 2025-08-03 20:48:50 --> Email: Unable to send email using SMTP. Your server might not be configured to send mail using this method.
ERROR - 2025-08-03 20:48:50 --> 220 smtp.gmail.com ESMTP ffacd0b85a97d-3b79c469093sm13306908f8f.51 - gsmtp

hello: 250-smtp.gmail.com at your service, [41.78.74.37]
250-SIZE 35882577
250-8BITMIME
250-STARTTLS
250-ENHANCEDSTATUSCODES
250-PIPELINING
250-CHUNKING
250 SMTPUTF8

starttls: 220 2.0.0 Ready to start TLS

hello: 250-smtp.gmail.com at your service, [41.78.74.37]
250-SIZE 35882577
250-8BITMIME
250-AUTH LOGIN PLAIN XOAUTH2 PLAIN-CLIENTTOKEN OAUTHBEARER XOAUTH
250-ENHANCEDSTATUSCODES
250-PIPELINING
250-CHUNKING
250 SMTPUTF8

Failed to authenticate password. Error: 535-5.7.8 Username and Password not accepted. For more information, go to
535 5.7.8  https://support.google.com/mail/?p=BadCredentials ffacd0b85a97d-3b79c469093sm13306908f8f.51 - gsmtp

DEBUG - 2025-08-03 20:48:59 --> Session: Class initialized using 'CodeIgniter\Session\Handlers\FileHandler' driver.
DEBUG - 2025-08-03 20:48:59 --> Session: Class initialized using 'CodeIgniter\Session\Handlers\FileHandler' driver.
ERROR - 2025-08-03 20:49:02 --> Email: Unable to send email using SMTP. Your server might not be configured to send mail using this method.
ERROR - 2025-08-03 20:49:02 --> 220 smtp.gmail.com ESMTP 5b1f17b1804b1-459a1c79b0asm22113055e9.3 - gsmtp

hello: 250-smtp.gmail.com at your service, [41.78.74.37]
250-SIZE 35882577
250-8BITMIME
250-STARTTLS
250-ENHANCEDSTATUSCODES
250-PIPELINING
250-CHUNKING
250 SMTPUTF8

starttls: 220 2.0.0 Ready to start TLS

hello: 250-smtp.gmail.com at your service, [41.78.74.37]
250-SIZE 35882577
250-8BITMIME
250-AUTH LOGIN PLAIN XOAUTH2 PLAIN-CLIENTTOKEN OAUTHBEARER XOAUTH
250-ENHANCEDSTATUSCODES
250-PIPELINING
250-CHUNKING
250 SMTPUTF8

Failed to authenticate password. Error: 535-5.7.8 Username and Password not accepted. For more information, go to
535 5.7.8  https://support.google.com/mail/?p=BadCredentials 5b1f17b1804b1-459a1c79b0asm22113055e9.3 - gsmtp

